  StdAfx.cpp
  IocpServer.cpp
  IocpHandler.cpp
  WorkerThread.cpp
  Utils.cpp
e:\iocp-server\iocpserver\detail\utils.cpp(28): warning C4996: 'WSASocketA': Use WSASocketW() instead or define _WINSOCK_DEPRECATED_NO_WARNINGS to disable deprecated API warnings
          c:\program files (x86)\windows kits\8.1\include\um\winsock2.h(3457) : 参见“WSASocketA”的声明
e:\iocp-server\iocpserver\detail\utils.cpp(83): warning C4996: 'inet_ntoa': Use inet_ntop() or InetNtop() instead or define _WINSOCK_DEPRECATED_NO_WARNINGS to disable deprecated API warnings
          c:\program files (x86)\windows kits\8.1\include\um\winsock2.h(1868) : 参见“inet_ntoa”的声明
  SendQueue.cpp
  IocpContext.cpp
  ConnectionManager.cpp
  Connection.cpp
  正在生成代码...
Connection.obj : warning LNK4075: 忽略“/EDITANDCONTINUE”(由于“/SAFESEH”规范)
libboost_thread-vc120-mt-gd-1_56.lib(thread.obj) : error LNK2038: 检测到“_ITERATOR_DEBUG_LEVEL”的不匹配项:  值“2”不匹配值“0”(Connection.obj 中)
libboost_thread-vc120-mt-gd-1_56.lib(tss_pe.obj) : error LNK2038: 检测到“_ITERATOR_DEBUG_LEVEL”的不匹配项:  值“2”不匹配值“0”(Connection.obj 中)
libboost_system-vc120-mt-gd-1_56.lib(error_code.obj) : error LNK2038: 检测到“_ITERATOR_DEBUG_LEVEL”的不匹配项:  值“2”不匹配值“0”(Connection.obj 中)
     正在创建库 E:\iocp-server\Debug\IocpServer.lib 和对象 E:\iocp-server\Debug\IocpServer.exp
E:\iocp-server\Debug\IocpServer.dll : fatal error LNK1319: 检测到 3 个不匹配项
