e:\iocp-server\iocpserver\debug\iocpserver.pch
e:\iocp-server\iocpserver\debug\vc120.pdb
e:\iocp-server\iocpserver\debug\vc120.idb
e:\iocp-server\iocpserver\debug\stdafx.obj
e:\iocp-server\iocpserver\debug\connection.obj
e:\iocp-server\iocpserver\debug\connectionmanager.obj
e:\iocp-server\iocpserver\debug\iocpcontext.obj
e:\iocp-server\iocpserver\debug\sendqueue.obj
e:\iocp-server\iocpserver\debug\utils.obj
e:\iocp-server\iocpserver\debug\workerthread.obj
e:\iocp-server\iocpserver\debug\iocphandler.obj
e:\iocp-server\iocpserver\debug\iocpserver.obj
e:\iocp-server\debug\iocpserver.pdb
e:\iocp-server\iocpserver\debug\iocpserver.tlog\cl.command.1.tlog
e:\iocp-server\iocpserver\debug\iocpserver.tlog\cl.read.1.tlog
e:\iocp-server\iocpserver\debug\iocpserver.tlog\cl.write.1.tlog
e:\iocp-server\iocpserver\debug\iocpserver.tlog\link-cvtres.read.1.tlog
e:\iocp-server\iocpserver\debug\iocpserver.tlog\link-cvtres.write.1.tlog
e:\iocp-server\iocpserver\debug\iocpserver.tlog\link-mt.read.1.tlog
e:\iocp-server\iocpserver\debug\iocpserver.tlog\link-mt.write.1.tlog
e:\iocp-server\iocpserver\debug\iocpserver.tlog\link-rc.read.1.tlog
e:\iocp-server\iocpserver\debug\iocpserver.tlog\link-rc.write.1.tlog
e:\iocp-server\iocpserver\debug\iocpserver.tlog\link.command.1.tlog
e:\iocp-server\iocpserver\debug\iocpserver.tlog\link.read.1.tlog
e:\iocp-server\iocpserver\debug\iocpserver.tlog\link.write.1.tlog
